2021-01-02 21:09:12,226 INFO: Cookis登录失败
2021-01-02 21:09:45,510 INFO: Cookis登录失败
2021-01-02 21:10:07,717 INFO: Cookis登录失败
2021-01-02 21:10:20,762 INFO: 二维码获取成功，请打开苏宁APP扫描
2021-01-02 21:21:09,490 INFO: Cookis登录失败
2021-01-02 21:21:45,835 INFO: Cookis登录失败
2021-01-02 21:35:53,248 INFO: Cookis登录失败
2021-01-02 21:36:05,474 INFO: Cookis登录失败
2021-01-02 21:39:06,146 INFO: Cookis登录失败
2021-01-02 21:39:11,928 INFO: Cookis登录失败
2021-01-03 11:01:47,520 INFO: Cookis登录失败
2021-01-03 11:01:55,280 INFO: Cookis登录失败
2021-01-03 11:02:48,525 INFO: Cookis登录失败
2021-01-03 11:02:53,904 INFO: Cookis登录失败
2021-01-03 11:02:58,882 INFO: 二维码获取成功，请打开苏宁APP扫描
2021-01-03 11:03:12,040 INFO: Cookis登录失败
2021-01-03 11:03:13,154 INFO: Cookis登录失败
2021-01-03 11:03:14,232 INFO: Cookis登录失败
2021-01-03 11:03:15,222 INFO: Cookis登录失败
2021-01-03 11:03:16,122 INFO: Cookis登录失败
2021-01-03 11:03:17,231 INFO: Cookis登录失败
2021-01-03 11:03:18,346 INFO: Cookis登录失败
2021-01-03 11:03:19,428 INFO: Cookis登录失败
2021-01-03 11:03:20,590 INFO: Cookis登录失败
2021-01-03 11:03:22,153 INFO: Cookis登录失败
2021-01-03 11:03:23,328 INFO: Cookis登录失败
2021-01-03 11:03:24,298 INFO: Cookis登录失败
2021-01-03 11:03:25,216 INFO: Cookis登录失败
2021-01-03 11:03:26,355 INFO: Cookis登录失败
2021-01-03 11:03:27,674 INFO: Cookis登录失败
2021-01-03 11:03:28,708 INFO: Cookis登录失败
2021-01-03 11:03:30,982 INFO: Cookis登录失败
2021-01-03 11:03:31,925 INFO: Cookis登录失败
2021-01-03 11:03:33,005 INFO: Cookis登录失败
2021-01-03 11:03:33,983 INFO: Cookis登录失败
2021-01-03 11:03:35,004 INFO: Cookis登录失败
2021-01-03 11:03:35,894 INFO: Cookis登录失败
2021-01-03 11:03:37,283 INFO: Cookis登录失败
2021-01-03 11:03:38,247 INFO: Cookis登录失败
2021-01-03 11:03:39,253 INFO: Cookis登录失败
2021-01-03 11:03:40,355 INFO: Cookis登录失败
2021-01-03 11:03:41,804 INFO: Cookis登录失败
2021-01-03 11:03:42,673 INFO: Cookis登录失败
2021-01-03 11:03:43,547 INFO: Cookis登录失败
2021-01-03 11:03:44,572 INFO: Cookis登录失败
2021-01-03 11:03:45,488 INFO: Cookis登录失败
2021-01-03 11:03:46,364 INFO: Cookis登录失败
2021-01-03 11:03:47,213 INFO: Cookis登录失败
2021-01-03 11:03:48,197 INFO: Cookis登录失败
2021-01-03 11:03:49,287 INFO: Cookis登录失败
2021-01-03 11:03:50,347 INFO: Cookis登录失败
2021-01-03 11:03:51,412 INFO: Cookis登录失败
2021-01-03 11:03:52,296 INFO: Cookis登录失败
2021-01-03 11:03:53,226 INFO: Cookis登录失败
2021-01-03 11:03:54,133 INFO: Cookis登录失败
2021-01-03 11:03:54,987 INFO: Cookis登录失败
2021-01-03 11:03:55,967 INFO: Cookis登录失败
2021-01-03 11:03:57,012 INFO: Cookis登录失败
2021-01-03 11:03:57,935 INFO: Cookis登录失败
2021-01-03 11:03:58,853 INFO: Cookis登录失败
2021-01-03 11:03:59,746 INFO: Cookis登录失败
2021-01-03 11:04:00,672 INFO: Cookis登录失败
2021-01-03 11:04:01,639 INFO: Cookis登录失败
2021-01-03 11:04:02,497 INFO: Cookis登录失败
2021-01-03 11:04:03,353 INFO: Cookis登录失败
2021-01-03 11:04:04,224 INFO: Cookis登录失败
2021-01-03 11:04:05,127 INFO: Cookis登录失败
2021-01-03 11:04:06,009 INFO: Cookis登录失败
2021-01-03 11:04:06,879 INFO: Cookis登录失败
2021-01-03 11:04:07,864 INFO: Cookis登录失败
2021-01-03 11:04:08,792 INFO: Cookis登录失败
2021-01-03 11:04:09,674 INFO: Cookis登录失败
2021-01-03 11:04:10,574 INFO: Cookis登录失败
2021-01-03 11:04:11,684 INFO: Cookis登录失败
2021-01-03 11:04:12,596 INFO: Cookis登录失败
2021-01-03 11:04:13,454 INFO: Cookis登录失败
2021-01-03 11:04:14,359 INFO: Cookis登录失败
2021-01-03 11:04:15,387 INFO: Cookis登录失败
2021-01-03 11:04:16,282 INFO: Cookis登录失败
2021-01-03 11:04:17,154 INFO: Cookis登录失败
2021-01-03 11:08:19,932 INFO: Cookis登录失败
2021-01-03 11:08:24,777 INFO: Cookis登录失败
2021-01-03 11:08:26,137 INFO: 二维码获取成功，请打开苏宁APP扫描
2021-01-03 11:08:27,113 INFO: Cookis登录失败
2021-01-03 11:08:28,565 INFO: Cookis登录失败
2021-01-03 11:08:29,790 INFO: Cookis登录失败
2021-01-03 11:08:30,942 INFO: Cookis登录失败
2021-01-03 11:08:32,040 INFO: Cookis登录失败
2021-01-03 11:08:33,622 INFO: Cookis登录失败
2021-01-03 11:08:35,626 INFO: Cookis登录失败
2021-01-03 11:08:36,670 INFO: Cookis登录失败
2021-01-03 11:08:37,753 INFO: Cookis登录失败
2021-01-03 11:08:38,685 INFO: Cookis登录失败
2021-01-03 11:08:39,769 INFO: Cookis登录失败
2021-01-03 11:08:40,669 INFO: Cookis登录失败
2021-01-03 11:08:41,639 INFO: Cookis登录失败
2021-01-03 11:08:42,690 INFO: Cookis登录失败
2021-01-03 11:08:43,594 INFO: Cookis登录失败
2021-01-03 11:08:44,683 INFO: Cookis登录失败
2021-01-03 11:08:45,602 INFO: Cookis登录失败
2021-01-03 11:08:46,508 INFO: Cookis登录失败
2021-01-03 11:08:47,422 INFO: Cookis登录失败
2021-01-03 11:08:48,410 INFO: Cookis登录失败
2021-01-03 11:08:49,498 INFO: Cookis登录失败
2021-01-03 11:08:50,619 INFO: Cookis登录失败
2021-01-03 11:08:51,690 INFO: Cookis登录失败
2021-01-03 11:08:52,765 INFO: Cookis登录失败
2021-01-03 11:08:53,890 INFO: Cookis登录失败
2021-01-03 11:10:24,055 INFO: Cookis登录失败
2021-01-03 11:10:28,764 INFO: Cookis登录失败
2021-01-03 11:10:31,859 INFO: 二维码获取成功，请打开苏宁APP扫描
2021-01-03 11:10:32,887 INFO: Cookis登录失败
2021-01-03 11:10:33,738 INFO: Cookis登录失败
2021-01-03 11:10:35,567 INFO: Cookis登录失败
2021-01-03 11:10:37,226 INFO: Cookis登录失败
2021-01-03 11:10:38,116 INFO: Cookis登录失败
2021-01-03 11:10:39,127 INFO: Cookis登录失败
2021-01-03 11:10:40,044 INFO: Cookis登录失败
2021-01-03 11:10:41,367 INFO: Cookis登录失败
2021-01-03 11:10:42,477 INFO: Cookis登录失败
2021-01-03 11:10:43,872 INFO: Cookis登录失败
2021-01-03 11:10:44,850 INFO: Cookis登录失败
2021-01-03 11:10:45,756 INFO: Cookis登录失败
2021-01-03 11:10:46,581 INFO: Cookis登录失败
2021-01-03 11:10:47,486 INFO: Cookis登录失败
2021-01-03 11:10:48,490 INFO: Cookis登录失败
2021-01-03 11:10:49,529 INFO: Cookis登录失败
2021-01-03 11:10:50,524 INFO: Cookis登录失败
2021-01-03 11:10:52,213 INFO: Cookis登录失败
2021-01-03 11:10:53,224 INFO: Cookis登录失败
2021-01-03 11:10:54,300 INFO: Cookis登录失败
2021-01-03 11:10:55,194 INFO: Cookis登录失败
2021-01-03 11:10:56,276 INFO: Cookis登录失败
2021-01-03 11:10:57,181 INFO: Cookis登录失败
2021-01-03 11:10:58,008 INFO: Cookis登录失败
2021-01-03 11:10:58,876 INFO: Cookis登录失败
2021-01-03 11:10:59,789 INFO: Cookis登录失败
2021-01-03 11:11:00,724 INFO: Cookis登录失败
2021-01-03 11:11:01,698 INFO: Cookis登录失败
2021-01-03 11:11:02,876 INFO: Cookis登录失败
2021-01-03 11:11:03,987 INFO: Cookis登录失败
2021-01-03 11:11:04,903 INFO: Cookis登录失败
2021-01-03 11:11:05,742 INFO: Cookis登录失败
2021-01-03 11:11:06,778 INFO: Cookis登录失败
2021-01-03 11:11:07,678 INFO: Cookis登录失败
2021-01-03 11:11:08,547 INFO: Cookis登录失败
2021-01-03 11:11:09,458 INFO: Cookis登录失败
2021-01-03 11:11:10,361 INFO: Cookis登录失败
2021-01-03 14:21:13,576 INFO: Cookis登录失败
2021-01-03 14:21:18,790 INFO: Cookis登录失败
2021-01-03 14:21:20,951 INFO: 二维码获取成功，请打开苏宁APP扫描
2021-01-03 14:21:21,074 INFO: 请扫描二维码,state:0
2021-01-03 14:21:23,252 INFO: 请扫描二维码,state:0
2021-01-03 14:21:25,406 INFO: 请扫描二维码,state:0
2021-01-03 14:21:27,635 INFO: 请扫描二维码,state:0
2021-01-03 14:21:29,815 INFO: 请扫描二维码,state:0
2021-01-03 14:21:32,041 INFO: 请扫描二维码,state:0
2021-01-03 14:21:34,215 INFO: 请扫描二维码,state:0
2021-01-03 14:21:36,428 INFO: 请扫描二维码,state:0
2021-01-03 14:21:38,611 INFO: 请扫描二维码,state:0
2021-01-03 14:21:40,771 INFO: 请扫描二维码,state:0
2021-01-03 14:21:42,917 INFO: 请扫描二维码,state:0
2021-01-03 14:21:45,161 INFO: 请扫描二维码,state:0
2021-01-03 14:21:47,343 INFO: 请扫描二维码,state:0
2021-01-03 14:21:49,504 INFO: 请扫描二维码,state:0
2021-01-03 14:21:51,648 INFO: 请扫描二维码,state:0
2021-01-03 14:21:53,789 INFO: 请扫描二维码,state:0
2021-01-03 14:21:55,918 INFO: 请扫描二维码,state:0
2021-01-03 14:22:33,123 INFO: Cookis登录失败
2021-01-03 14:22:46,690 INFO: Cookis登录失败
2021-01-03 14:22:48,961 INFO: 二维码获取成功，请打开苏宁APP扫描
2021-01-03 14:22:49,152 INFO: 请扫描二维码,state:0
2021-01-03 14:22:51,374 INFO: 请扫描二维码,state:0
2021-01-03 14:22:53,552 INFO: 请扫描二维码,state:0
2021-01-03 14:22:55,684 INFO: 请扫描二维码,state:1
2021-01-03 14:22:57,880 INFO: 已完成手机客户端确认
2021-01-03 14:23:00,476 INFO: Cookis登录成功
2021-01-03 14:23:00,515 INFO: 二维码登录成功
2021-01-03 14:32:09,634 INFO: Cookis登录失败
2021-01-03 14:32:21,695 INFO: Cookis登录失败
2021-01-03 14:32:23,912 INFO: 二维码获取成功，请打开苏宁APP扫描
2021-01-03 14:32:24,062 INFO: 请扫描二维码,state:0
2021-01-03 14:32:26,243 INFO: 请扫描二维码,state:0
2021-01-03 14:32:28,418 INFO: 请扫描二维码,state:0
2021-01-03 14:32:30,574 INFO: 请扫描二维码,state:0
2021-01-03 14:32:32,713 INFO: 请扫描二维码,state:0
2021-01-03 14:32:34,842 INFO: 请扫描二维码,state:1
2021-01-03 14:32:37,013 INFO: 已完成手机客户端确认
2021-01-03 14:32:39,513 INFO: Cookis登录成功
2021-01-03 14:47:26,661 INFO: Cookis登录失败
2021-01-03 14:49:03,578 INFO: Cookis登录失败
2021-01-03 14:52:32,209 INFO: Cookis登录失败
2021-01-03 14:59:20,819 INFO: Cookis登录失败
2021-01-03 14:59:27,503 INFO: Cookis登录失败
2021-01-03 14:59:29,755 INFO: 二维码获取成功，请打开苏宁APP扫描
2021-01-03 14:59:29,950 INFO: 请扫描二维码,state:0
2021-01-03 14:59:32,161 INFO: 请扫描二维码,state:0
2021-01-03 14:59:34,343 INFO: 请扫描二维码,state:1
2021-01-03 14:59:36,536 INFO: 已完成手机客户端确认
2021-01-03 14:59:39,120 INFO: Cookis登录成功
2021-01-03 14:59:39,137 INFO: 二维码登录成功
2021-01-03 15:00:56,320 INFO: Cookis登录成功
2021-01-03 15:01:02,577 INFO: Cookis登录成功
2021-01-03 15:01:02,764 INFO: 请扫描二维码,state:3
2021-01-03 15:01:04,939 INFO: 请扫描二维码,state:3
2021-01-03 15:01:07,067 INFO: 请扫描二维码,state:3
2021-01-03 15:01:09,235 INFO: 请扫描二维码,state:3
